INFO: [VRFC 10-2263] Analyzing Verilog file "E:/ryush/Documents/Project/Verilog/K7/K7SPI/K7SPI.sim/sim_1/synth/func/xsim/top_tb_func_synth.v" into library xil_defaultlib
INFO: [VRFC 10-311] analyzing module dbg_hub_CV
INFO: [VRFC 10-311] analyzing module DSP_module
INFO: [VRFC 10-311] analyzing module PINGPONG_RAM
INFO: [VRFC 10-311] analyzing module PINGPONG_RAM__xdcDup__1
INFO: [VRFC 10-311] analyzing module SPI_slave
INFO: [VRFC 10-311] analyzing module blk_mem_gen_0
INFO: [VRFC 10-311] analyzing module ila_spi
INFO: [VRFC 10-311] analyzing module top
INFO: [VRFC 10-311] analyzing module blk_mem_gen_0_blk_mem_gen_generic_cstr
INFO: [VRFC 10-311] analyzing module blk_mem_gen_0_blk_mem_gen_prim_width
INFO: [VRFC 10-311] analyzing module blk_mem_gen_0_blk_mem_gen_prim_wrapper
INFO: [VRFC 10-311] analyzing module blk_mem_gen_0_blk_mem_gen_top
INFO: [VRFC 10-311] analyzing module blk_mem_gen_0_blk_mem_gen_v8_4_1
INFO: [VRFC 10-311] analyzing module blk_mem_gen_0_blk_mem_gen_v8_4_1_synth
INFO: [VRFC 10-311] analyzing module ila_spi_blk_mem_gen_generic_cstr
INFO: [VRFC 10-311] analyzing module ila_spi_blk_mem_gen_prim_width
INFO: [VRFC 10-311] analyzing module ila_spi_blk_mem_gen_prim_width__parameterized0
INFO: [VRFC 10-311] analyzing module ila_spi_blk_mem_gen_prim_width__parameterized1
INFO: [VRFC 10-311] analyzing module ila_spi_blk_mem_gen_prim_width__parameterized2
INFO: [VRFC 10-311] analyzing module ila_spi_blk_mem_gen_prim_width__parameterized3
INFO: [VRFC 10-311] analyzing module ila_spi_blk_mem_gen_prim_wrapper
INFO: [VRFC 10-311] analyzing module ila_spi_blk_mem_gen_prim_wrapper__parameterized0
INFO: [VRFC 10-311] analyzing module ila_spi_blk_mem_gen_prim_wrapper__parameterized1
INFO: [VRFC 10-311] analyzing module ila_spi_blk_mem_gen_prim_wrapper__parameterized2
INFO: [VRFC 10-311] analyzing module ila_spi_blk_mem_gen_prim_wrapper__parameterized3
INFO: [VRFC 10-311] analyzing module ila_spi_blk_mem_gen_top
INFO: [VRFC 10-311] analyzing module ila_spi_blk_mem_gen_v8_3_6
INFO: [VRFC 10-311] analyzing module ila_spi_blk_mem_gen_v8_3_6_synth
INFO: [VRFC 10-311] analyzing module ila_spi_ila_v6_2_5_ila
INFO: [VRFC 10-311] analyzing module ila_spi_ila_v6_2_5_ila_cap_addrgen
INFO: [VRFC 10-311] analyzing module ila_spi_ila_v6_2_5_ila_cap_ctrl_legacy
INFO: [VRFC 10-311] analyzing module ila_spi_ila_v6_2_5_ila_cap_sample_counter
INFO: [VRFC 10-311] analyzing module ila_spi_ila_v6_2_5_ila_cap_window_counter
INFO: [VRFC 10-311] analyzing module ila_spi_ila_v6_2_5_ila_core
INFO: [VRFC 10-311] analyzing module ila_spi_ila_v6_2_5_ila_register
INFO: [VRFC 10-311] analyzing module ila_spi_ila_v6_2_5_ila_reset_ctrl
INFO: [VRFC 10-311] analyzing module ila_spi_ila_v6_2_5_ila_trace_memory
INFO: [VRFC 10-311] analyzing module ila_spi_ila_v6_2_5_ila_trig_match
INFO: [VRFC 10-311] analyzing module ila_spi_ila_v6_2_5_ila_trigger
INFO: [VRFC 10-311] analyzing module ila_spi_ltlib_v1_0_0_all_typeA
INFO: [VRFC 10-311] analyzing module ila_spi_ltlib_v1_0_0_all_typeA__parameterized0
INFO: [VRFC 10-311] analyzing module ila_spi_ltlib_v1_0_0_all_typeA__parameterized0_12
INFO: [VRFC 10-311] analyzing module ila_spi_ltlib_v1_0_0_all_typeA__parameterized0_15
INFO: [VRFC 10-311] analyzing module ila_spi_ltlib_v1_0_0_all_typeA__parameterized0_17
INFO: [VRFC 10-311] analyzing module ila_spi_ltlib_v1_0_0_all_typeA__parameterized0_20
INFO: [VRFC 10-311] analyzing module ila_spi_ltlib_v1_0_0_all_typeA__parameterized0_23
INFO: [VRFC 10-311] analyzing module ila_spi_ltlib_v1_0_0_all_typeA__parameterized0_26
INFO: [VRFC 10-311] analyzing module ila_spi_ltlib_v1_0_0_all_typeA__parameterized0_7
INFO: [VRFC 10-311] analyzing module ila_spi_ltlib_v1_0_0_all_typeA__parameterized0_9
INFO: [VRFC 10-311] analyzing module ila_spi_ltlib_v1_0_0_all_typeA__parameterized1
INFO: [VRFC 10-311] analyzing module ila_spi_ltlib_v1_0_0_all_typeA__parameterized1_54
INFO: [VRFC 10-311] analyzing module ila_spi_ltlib_v1_0_0_all_typeA__parameterized1_62
INFO: [VRFC 10-311] analyzing module ila_spi_ltlib_v1_0_0_all_typeA_slice
INFO: [VRFC 10-311] analyzing module ila_spi_ltlib_v1_0_0_all_typeA_slice__parameterized0
INFO: [VRFC 10-311] analyzing module ila_spi_ltlib_v1_0_0_all_typeA_slice__parameterized0_10
INFO: [VRFC 10-311] analyzing module ila_spi_ltlib_v1_0_0_all_typeA_slice__parameterized0_13
INFO: [VRFC 10-311] analyzing module ila_spi_ltlib_v1_0_0_all_typeA_slice__parameterized0_16
INFO: [VRFC 10-311] analyzing module ila_spi_ltlib_v1_0_0_all_typeA_slice__parameterized0_18
INFO: [VRFC 10-311] analyzing module ila_spi_ltlib_v1_0_0_all_typeA_slice__parameterized0_21
INFO: [VRFC 10-311] analyzing module ila_spi_ltlib_v1_0_0_all_typeA_slice__parameterized0_24
INFO: [VRFC 10-311] analyzing module ila_spi_ltlib_v1_0_0_all_typeA_slice__parameterized0_27
INFO: [VRFC 10-311] analyzing module ila_spi_ltlib_v1_0_0_all_typeA_slice__parameterized0_28
INFO: [VRFC 10-311] analyzing module ila_spi_ltlib_v1_0_0_all_typeA_slice__parameterized0_8
INFO: [VRFC 10-311] analyzing module ila_spi_ltlib_v1_0_0_all_typeA_slice__parameterized1
INFO: [VRFC 10-311] analyzing module ila_spi_ltlib_v1_0_0_all_typeA_slice__parameterized1_55
INFO: [VRFC 10-311] analyzing module ila_spi_ltlib_v1_0_0_all_typeA_slice__parameterized1_63
INFO: [VRFC 10-311] analyzing module ila_spi_ltlib_v1_0_0_all_typeA_slice__parameterized2
INFO: [VRFC 10-311] analyzing module ila_spi_ltlib_v1_0_0_all_typeA_slice__parameterized2_56
INFO: [VRFC 10-311] analyzing module ila_spi_ltlib_v1_0_0_all_typeA_slice__parameterized2_64
INFO: [VRFC 10-311] analyzing module ila_spi_ltlib_v1_0_0_allx_typeA
INFO: [VRFC 10-311] analyzing module ila_spi_ltlib_v1_0_0_allx_typeA__parameterized0
INFO: [VRFC 10-311] analyzing module ila_spi_ltlib_v1_0_0_allx_typeA__parameterized0_19
INFO: [VRFC 10-311] analyzing module ila_spi_ltlib_v1_0_0_allx_typeA__parameterized0_22
INFO: [VRFC 10-311] analyzing module ila_spi_ltlib_v1_0_0_allx_typeA__parameterized0_25
INFO: [VRFC 10-311] analyzing module ila_spi_ltlib_v1_0_0_allx_typeA__parameterized1
INFO: [VRFC 10-311] analyzing module ila_spi_ltlib_v1_0_0_allx_typeA__parameterized1_11
INFO: [VRFC 10-311] analyzing module ila_spi_ltlib_v1_0_0_allx_typeA__parameterized1_14
INFO: [VRFC 10-311] analyzing module ila_spi_ltlib_v1_0_0_allx_typeA__parameterized2
INFO: [VRFC 10-311] analyzing module ila_spi_ltlib_v1_0_0_allx_typeA__parameterized2_6
INFO: [VRFC 10-311] analyzing module ila_spi_ltlib_v1_0_0_allx_typeA_nodelay
INFO: [VRFC 10-311] analyzing module ila_spi_ltlib_v1_0_0_allx_typeA_nodelay_53
INFO: [VRFC 10-311] analyzing module ila_spi_ltlib_v1_0_0_allx_typeA_nodelay_61
INFO: [VRFC 10-311] analyzing module ila_spi_ltlib_v1_0_0_async_edge_xfer
INFO: [VRFC 10-311] analyzing module ila_spi_ltlib_v1_0_0_async_edge_xfer_29
INFO: [VRFC 10-311] analyzing module ila_spi_ltlib_v1_0_0_async_edge_xfer_30
INFO: [VRFC 10-311] analyzing module ila_spi_ltlib_v1_0_0_async_edge_xfer_31
INFO: [VRFC 10-311] analyzing module ila_spi_ltlib_v1_0_0_cfglut4
INFO: [VRFC 10-311] analyzing module ila_spi_ltlib_v1_0_0_cfglut4_57
INFO: [VRFC 10-311] analyzing module ila_spi_ltlib_v1_0_0_cfglut5
INFO: [VRFC 10-311] analyzing module ila_spi_ltlib_v1_0_0_cfglut5_51
INFO: [VRFC 10-311] analyzing module ila_spi_ltlib_v1_0_0_cfglut5_58
INFO: [VRFC 10-311] analyzing module ila_spi_ltlib_v1_0_0_cfglut6
INFO: [VRFC 10-311] analyzing module ila_spi_ltlib_v1_0_0_cfglut6_59
INFO: [VRFC 10-311] analyzing module ila_spi_ltlib_v1_0_0_cfglut6__parameterized0
INFO: [VRFC 10-311] analyzing module ila_spi_ltlib_v1_0_0_cfglut7
INFO: [VRFC 10-311] analyzing module ila_spi_ltlib_v1_0_0_cfglut7_50
INFO: [VRFC 10-311] analyzing module ila_spi_ltlib_v1_0_0_generic_memrd
INFO: [VRFC 10-311] analyzing module ila_spi_ltlib_v1_0_0_match
INFO: [VRFC 10-311] analyzing module ila_spi_ltlib_v1_0_0_match__parameterized0
INFO: [VRFC 10-311] analyzing module ila_spi_ltlib_v1_0_0_match__parameterized0_0
INFO: [VRFC 10-311] analyzing module ila_spi_ltlib_v1_0_0_match__parameterized0_1
INFO: [VRFC 10-311] analyzing module ila_spi_ltlib_v1_0_0_match__parameterized0_2
INFO: [VRFC 10-311] analyzing module ila_spi_ltlib_v1_0_0_match__parameterized1
INFO: [VRFC 10-311] analyzing module ila_spi_ltlib_v1_0_0_match__parameterized1_3
INFO: [VRFC 10-311] analyzing module ila_spi_ltlib_v1_0_0_match__parameterized1_4
INFO: [VRFC 10-311] analyzing module ila_spi_ltlib_v1_0_0_match__parameterized2
INFO: [VRFC 10-311] analyzing module ila_spi_ltlib_v1_0_0_match__parameterized2_5
INFO: [VRFC 10-311] analyzing module ila_spi_ltlib_v1_0_0_match_nodelay
INFO: [VRFC 10-311] analyzing module ila_spi_ltlib_v1_0_0_match_nodelay_52
INFO: [VRFC 10-311] analyzing module ila_spi_ltlib_v1_0_0_match_nodelay_60
INFO: [VRFC 10-311] analyzing module ila_spi_ltlib_v1_0_0_rising_edge_detection
INFO: [VRFC 10-311] analyzing module ila_spi_ltlib_v1_0_0_rising_edge_detection_32
INFO: [VRFC 10-311] analyzing module ila_spi_xsdbs_v1_0_2_reg__parameterized27
INFO: [VRFC 10-311] analyzing module ila_spi_xsdbs_v1_0_2_reg__parameterized28
INFO: [VRFC 10-311] analyzing module ila_spi_xsdbs_v1_0_2_reg__parameterized29
INFO: [VRFC 10-311] analyzing module ila_spi_xsdbs_v1_0_2_reg__parameterized30
INFO: [VRFC 10-311] analyzing module ila_spi_xsdbs_v1_0_2_reg__parameterized42
INFO: [VRFC 10-311] analyzing module ila_spi_xsdbs_v1_0_2_reg__parameterized43
INFO: [VRFC 10-311] analyzing module ila_spi_xsdbs_v1_0_2_reg__parameterized44
INFO: [VRFC 10-311] analyzing module ila_spi_xsdbs_v1_0_2_reg__parameterized45
INFO: [VRFC 10-311] analyzing module ila_spi_xsdbs_v1_0_2_reg__parameterized46
INFO: [VRFC 10-311] analyzing module ila_spi_xsdbs_v1_0_2_reg__parameterized47
INFO: [VRFC 10-311] analyzing module ila_spi_xsdbs_v1_0_2_reg__parameterized48
INFO: [VRFC 10-311] analyzing module ila_spi_xsdbs_v1_0_2_reg__parameterized49
INFO: [VRFC 10-311] analyzing module ila_spi_xsdbs_v1_0_2_reg__parameterized50
INFO: [VRFC 10-311] analyzing module ila_spi_xsdbs_v1_0_2_reg__parameterized51
INFO: [VRFC 10-311] analyzing module ila_spi_xsdbs_v1_0_2_reg__parameterized52
INFO: [VRFC 10-311] analyzing module ila_spi_xsdbs_v1_0_2_reg__parameterized53
INFO: [VRFC 10-311] analyzing module ila_spi_xsdbs_v1_0_2_reg__parameterized55
INFO: [VRFC 10-311] analyzing module ila_spi_xsdbs_v1_0_2_reg__parameterized57
INFO: [VRFC 10-311] analyzing module ila_spi_xsdbs_v1_0_2_reg__parameterized60
INFO: [VRFC 10-311] analyzing module ila_spi_xsdbs_v1_0_2_reg_ctl
INFO: [VRFC 10-311] analyzing module ila_spi_xsdbs_v1_0_2_reg_ctl_36
INFO: [VRFC 10-311] analyzing module ila_spi_xsdbs_v1_0_2_reg_ctl_37
INFO: [VRFC 10-311] analyzing module ila_spi_xsdbs_v1_0_2_reg_ctl_38
INFO: [VRFC 10-311] analyzing module ila_spi_xsdbs_v1_0_2_reg_ctl_39
INFO: [VRFC 10-311] analyzing module ila_spi_xsdbs_v1_0_2_reg_ctl_42
INFO: [VRFC 10-311] analyzing module ila_spi_xsdbs_v1_0_2_reg_ctl_44
INFO: [VRFC 10-311] analyzing module ila_spi_xsdbs_v1_0_2_reg_ctl_45
INFO: [VRFC 10-311] analyzing module ila_spi_xsdbs_v1_0_2_reg_ctl_46
INFO: [VRFC 10-311] analyzing module ila_spi_xsdbs_v1_0_2_reg_ctl_47
INFO: [VRFC 10-311] analyzing module ila_spi_xsdbs_v1_0_2_reg_ctl_48
INFO: [VRFC 10-311] analyzing module ila_spi_xsdbs_v1_0_2_reg_ctl__parameterized0
INFO: [VRFC 10-311] analyzing module ila_spi_xsdbs_v1_0_2_reg_ctl__parameterized1
INFO: [VRFC 10-311] analyzing module ila_spi_xsdbs_v1_0_2_reg_ctl__parameterized1_40
INFO: [VRFC 10-311] analyzing module ila_spi_xsdbs_v1_0_2_reg_ctl__parameterized1_43
INFO: [VRFC 10-311] analyzing module ila_spi_xsdbs_v1_0_2_reg_p2s
INFO: [VRFC 10-311] analyzing module ila_spi_xsdbs_v1_0_2_reg_p2s__parameterized0
INFO: [VRFC 10-311] analyzing module ila_spi_xsdbs_v1_0_2_reg_p2s__parameterized1
INFO: [VRFC 10-311] analyzing module ila_spi_xsdbs_v1_0_2_reg_p2s__parameterized2
INFO: [VRFC 10-311] analyzing module ila_spi_xsdbs_v1_0_2_reg_p2s__parameterized3
INFO: [VRFC 10-311] analyzing module ila_spi_xsdbs_v1_0_2_reg_p2s__parameterized4
INFO: [VRFC 10-311] analyzing module ila_spi_xsdbs_v1_0_2_reg_p2s__parameterized5
INFO: [VRFC 10-311] analyzing module ila_spi_xsdbs_v1_0_2_reg_p2s__parameterized6
INFO: [VRFC 10-311] analyzing module ila_spi_xsdbs_v1_0_2_reg_p2s__parameterized7
INFO: [VRFC 10-311] analyzing module ila_spi_xsdbs_v1_0_2_reg_p2s__parameterized8
INFO: [VRFC 10-311] analyzing module ila_spi_xsdbs_v1_0_2_reg_p2s__parameterized9
INFO: [VRFC 10-311] analyzing module ila_spi_xsdbs_v1_0_2_reg_stat
INFO: [VRFC 10-311] analyzing module ila_spi_xsdbs_v1_0_2_reg_stat_33
INFO: [VRFC 10-311] analyzing module ila_spi_xsdbs_v1_0_2_reg_stat_34
INFO: [VRFC 10-311] analyzing module ila_spi_xsdbs_v1_0_2_reg_stat_35
INFO: [VRFC 10-311] analyzing module ila_spi_xsdbs_v1_0_2_reg_stat_41
INFO: [VRFC 10-311] analyzing module ila_spi_xsdbs_v1_0_2_reg_stat_49
INFO: [VRFC 10-311] analyzing module ila_spi_xsdbs_v1_0_2_reg_stream
INFO: [VRFC 10-311] analyzing module ila_spi_xsdbs_v1_0_2_reg_stream__parameterized0
INFO: [VRFC 10-311] analyzing module ila_spi_xsdbs_v1_0_2_xsdbs
INFO: [VRFC 10-311] analyzing module glbl
INFO: [VRFC 10-2263] Analyzing Verilog file "E:/ryush/Documents/Project/Verilog/K7/K7SPI/SPI_PINGPONG_top_tb.v" into library xil_defaultlib
INFO: [VRFC 10-311] analyzing module SPI_PINGPONG_top_tb
INFO: [VRFC 10-2263] Analyzing Verilog file "E:/ryush/Documents/Project/Verilog/K7/K7SPI/DSP_tb.v" into library xil_defaultlib
INFO: [VRFC 10-311] analyzing module DSP_tb
INFO: [VRFC 10-2263] Analyzing Verilog file "E:/ryush/Documents/Project/Verilog/K7/K7SPI/PINGPONG_RAM_tb.v" into library xil_defaultlib
INFO: [VRFC 10-311] analyzing module tb_PINGPONG_RAM
INFO: [VRFC 10-2263] Analyzing Verilog file "E:/ryush/Documents/Project/Verilog/K7/K7SPI/spi_tb.v" into library xil_defaultlib
INFO: [VRFC 10-311] analyzing module SPI_slave_tb
INFO: [VRFC 10-2263] Analyzing Verilog file "E:/ryush/Documents/Project/Verilog/K7/K7SPI/K7SPI.srcs/sim_1/new/top_tb.v" into library xil_defaultlib
INFO: [VRFC 10-311] analyzing module top_tb
